0 info it worked if it ends with ok
1 verbose cli [ '/usr/bin/node', '/usr/bin/npm', 'install' ]
2 info using npm@1.4.28
3 info using node@v0.10.40
4 verbose node symlink /usr/bin/node
5 warn package.json warriors-server@0.0.0 No description
6 warn package.json warriors-server@0.0.0 No repository field.
7 warn package.json warriors-server@0.0.0 No README data
8 verbose readDependencies using package.json deps
9 verbose install where, deps [ '/home/pchaussalet/montagestudio/projects/voting/sources/warriors/server',
9 verbose install   [ 'hapi', 'nconf', 'nconf-yaml', 'lab' ] ]
10 info preinstall warriors-server@0.0.0
11 verbose readDependencies using package.json deps
12 verbose already installed skipping hapi@^9.0.3 /home/pchaussalet/montagestudio/projects/voting/sources/warriors/server
13 verbose already installed skipping nconf@^0.7.2 /home/pchaussalet/montagestudio/projects/voting/sources/warriors/server
14 verbose already installed skipping nconf-yaml@^1.0.0 /home/pchaussalet/montagestudio/projects/voting/sources/warriors/server
15 verbose already installed skipping lab@^5.15.2 /home/pchaussalet/montagestudio/projects/voting/sources/warriors/server
16 silly resolved []
17 info build /home/pchaussalet/montagestudio/projects/voting/sources/warriors/server
18 verbose linkStuff [ false,
18 verbose linkStuff   false,
18 verbose linkStuff   false,
18 verbose linkStuff   '/home/pchaussalet/montagestudio/projects/voting/sources/warriors' ]
19 info linkStuff warriors-server@0.0.0
20 verbose linkBins warriors-server@0.0.0
21 verbose linkMans warriors-server@0.0.0
22 verbose rebuildBundles warriors-server@0.0.0
23 verbose rebuildBundles [ '.bin',
23 verbose rebuildBundles   'hapi',
23 verbose rebuildBundles   'hapi-router',
23 verbose rebuildBundles   'hapi-swagger',
23 verbose rebuildBundles   'lab',
23 verbose rebuildBundles   'nconf',
23 verbose rebuildBundles   'nconf-yaml' ]
24 verbose rebuild bundle /home/pchaussalet/montagestudio/projects/voting/sources/warriors/server/node_modules/hapi-router
25 info build /home/pchaussalet/montagestudio/projects/voting/sources/warriors/server/node_modules/hapi-router
26 info preinstall hapi-router@3.0.1
27 verbose linkStuff [ false,
27 verbose linkStuff   false,
27 verbose linkStuff   false,
27 verbose linkStuff   '/home/pchaussalet/montagestudio/projects/voting/sources/warriors/server/node_modules' ]
28 info linkStuff hapi-router@3.0.1
29 verbose linkBins hapi-router@3.0.1
30 verbose linkMans hapi-router@3.0.1
31 verbose rebuildBundles hapi-router@3.0.1
32 verbose rebuildBundles [ 'glob' ]
33 info install hapi-router@3.0.1
34 info postinstall hapi-router@3.0.1
35 verbose rebuild bundle /home/pchaussalet/montagestudio/projects/voting/sources/warriors/server/node_modules/hapi-swagger
36 info build /home/pchaussalet/montagestudio/projects/voting/sources/warriors/server/node_modules/hapi-swagger
37 info preinstall hapi-swagger@1.3.0
38 verbose linkStuff [ false,
38 verbose linkStuff   false,
38 verbose linkStuff   false,
38 verbose linkStuff   '/home/pchaussalet/montagestudio/projects/voting/sources/warriors/server/node_modules' ]
39 info linkStuff hapi-swagger@1.3.0
40 verbose linkBins hapi-swagger@1.3.0
41 verbose linkMans hapi-swagger@1.3.0
42 verbose rebuildBundles hapi-swagger@1.3.0
43 verbose rebuildBundles [ '.bin', 'boom', 'handlebars', 'hoek', 'joi', 'shortid' ]
44 info install hapi-swagger@1.3.0
45 info postinstall hapi-swagger@1.3.0
46 info install warriors-server@0.0.0
47 info postinstall warriors-server@0.0.0
48 info prepublish warriors-server@0.0.0
49 error peerinvalid The package hapi does not satisfy its siblings' peerDependencies requirements!
49 error peerinvalid Peer hapi-swagger@1.3.0 wants hapi@^9.0.1
49 error peerinvalid Peer hapi-router@3.0.1 wants hapi@^8.0.0
50 error System Linux 3.16.0-4-amd64
51 error command "/usr/bin/node" "/usr/bin/npm" "install"
52 error cwd /home/pchaussalet/montagestudio/projects/voting/sources/warriors/server
53 error node -v v0.10.40
54 error npm -v 1.4.28
55 error code EPEERINVALID
56 verbose exit [ 1, true ]
